Using pre-set license
Built from '2020.3/staging' branch; Version is '2020.3.6f1 (338bb68529b2) revision 3378102'; Using compiler version '192528614'; Build Type 'Release'
OS: 'Windows 10 Home; OS build 19042.928; Version 2009; 64bit' Language: 'es' Physical Memory: 6232 MB
BatchMode: 1, IsHumanControllingUs: 0, StartBugReporterOnCrash: 0, Is64bit: 1, IsPro: 0

 COMMAND LINE ARGUMENTS:
C:\Users\sofia\Documents\docs\SI\Unity\2020.3.6f1\Editor\Unity.exe
-adb2
-batchMode
-noUpm
-name
AssetImportWorker0
-projectPath
C:/Users/sofia/Documents/docs/SI/Unity/CookingBurger/Clean-lab-proyect-main
-logFile
Logs/AssetImportWorker0.log
-srvPort
60289
Successfully changed project path to: C:/Users/sofia/Documents/docs/SI/Unity/CookingBurger/Clean-lab-proyect-main
C:/Users/sofia/Documents/docs/SI/Unity/CookingBurger/Clean-lab-proyect-main
Using Asset Import Pipeline V2.
Refreshing native plugins compatible for Editor in 144.51 ms, found 0 plugins.
Preloading 0 native plugins for Editor in 0.00 ms.
Initialize engine version: 2020.3.6f1 (338bb68529b2)
[Subsystems] Discovering subsystems at path C:/Users/sofia/Documents/docs/SI/Unity/2020.3.6f1/Editor/Data/Resources/UnitySubsystems
[Subsystems] Discovering subsystems at path C:/Users/sofia/Documents/docs/SI/Unity/CookingBurger/Clean-lab-proyect-main/Assets
GfxDevice: creating device client; threaded=0
Direct3D:
    Version:  Direct3D 11.0 [level 11.1]
    Renderer: Intel(R) HD Graphics 520 (ID=0x1916)
    Vendor:   
    VRAM:     3116 MB
    Driver:   27.20.100.9466
Shader 'Universal Render Pipeline/Particles/Lit': fallback shader 'Universal Render Pipeline/Particles/SimpleLit' not found
Initialize mono
Mono path[0] = 'C:/Users/sofia/Documents/docs/SI/Unity/2020.3.6f1/Editor/Data/Managed'
Mono path[1] = 'C:/Users/sofia/Documents/docs/SI/Unity/2020.3.6f1/Editor/Data/MonoBleedingEdge/lib/mono/unityjit'
Mono config path = 'C:/Users/sofia/Documents/docs/SI/Unity/2020.3.6f1/Editor/Data/MonoBleedingEdge/etc'
Using monoOptions --debugger-agent=transport=dt_socket,embedding=1,server=y,suspend=n,address=127.0.0.1:56128
Begin MonoManager ReloadAssembly
Registering precompiled unity dll's ...
Register platform support module: C:/Users/sofia/Documents/docs/SI/Unity/2020.3.6f1/Editor/Data/PlaybackEngines/WindowsStandaloneSupport/UnityEditor.WindowsStandalone.Extensions.dll
Registered in 0.004123 seconds.
Native extension for WindowsStandalone target not found
Refreshing native plugins compatible for Editor in 152.52 ms, found 0 plugins.
Preloading 0 native plugins for Editor in 0.00 ms.
Mono: successfully reloaded assembly
- Completed reload, in  2.387 seconds
Platform modules already initialized, skipping
Registering precompiled user dll's ...
Registered in 0.009802 seconds.
Begin MonoManager ReloadAssembly
Native extension for WindowsStandalone target not found
Refreshing native plugins compatible for Editor in 128.32 ms, found 0 plugins.
Preloading 0 native plugins for Editor in 0.00 ms.
Mono: successfully reloaded assembly
- Completed reload, in  2.275 seconds
Platform modules already initialized, skipping
========================================================================
Worker process is ready to serve import requests
Shader 'Universal Render Pipeline/Particles/Lit': fallback shader 'Universal Render Pipeline/Particles/SimpleLit' not found
Launched and connected shader compiler UnityShaderCompiler.exe after 0.09 seconds
Refreshing native plugins compatible for Editor in 1.08 ms, found 0 plugins.
Preloading 0 native plugins for Editor in 0.00 ms.
Unloading 2967 Unused Serialized files (Serialized files now loaded: 0)
System memory in use before: 129.9 MB.
System memory in use after: 130.1 MB.

Unloading 43 unused Assets to reduce memory usage. Loaded Objects now: 3398.
Total: 12.569800 ms (FindLiveObjects: 0.404900 ms CreateObjectMapping: 0.212000 ms MarkObjects: 11.438000 ms  DeleteObjects: 0.513100 ms)

========================================================================
Received Import Request.
  path: Assets/AssetsOur/FREE Food Pack/Mesh
  artifactKey: Guid(4a9263b0838c52a408806bafe3f0c486) Importer(815301076,1909f56bfc062723c751e8b465ee728b)
Start importing Assets/AssetsOur/FREE Food Pack/Mesh using Guid(4a9263b0838c52a408806bafe3f0c486) Importer(815301076,1909f56bfc062723c751e8b465ee728b)  -> (artifact id: '540cd53528af19baeafe6ba3f65d8403') in 0.014414 seconds
  Import took 0.021128 seconds .

========================================================================
Received Import Request.
  Time since last request: 0.000411 seconds.
  path: Assets/AssetsOur/FREE Food Pack/Prefabs/1burger_uncooked.fbx
  artifactKey: Guid(96a137f2c56f93646a6eb0ad70afecf5) Importer(815301076,1909f56bfc062723c751e8b465ee728b)
Start importing Assets/AssetsOur/FREE Food Pack/Prefabs/1burger_uncooked.fbx using Guid(96a137f2c56f93646a6eb0ad70afecf5) Importer(815301076,1909f56bfc062723c751e8b465ee728b)  -> (artifact id: '5f2078111e856de453e75e9af81a7b4c') in 0.337462 seconds
  Import took 0.344308 seconds .

========================================================================
Received Import Request.
  Time since last request: 0.000390 seconds.
  path: Assets/AssetsOur/FREE Food Pack/Materials
  artifactKey: Guid(6e17dc5e72f19624cb025eff8b25d100) Importer(815301076,1909f56bfc062723c751e8b465ee728b)
Start importing Assets/AssetsOur/FREE Food Pack/Materials using Guid(6e17dc5e72f19624cb025eff8b25d100) Importer(815301076,1909f56bfc062723c751e8b465ee728b)  -> (artifact id: '2adb92960034155acd1b16d1ae4dedcc') in 0.004719 seconds
  Import took 0.025563 seconds .

========================================================================
Received Import Request.
  Time since last request: 0.768292 seconds.
  path: Assets/AssetsOur/FREE Food Pack/Prefabs/Avocado.prefab
  artifactKey: Guid(3245fc5926a7535429f2989cab01a844) Importer(815301076,1909f56bfc062723c751e8b465ee728b)
Start importing Assets/AssetsOur/FREE Food Pack/Prefabs/Avocado.prefab using Guid(3245fc5926a7535429f2989cab01a844) Importer(815301076,1909f56bfc062723c751e8b465ee728b)  -> (artifact id: '8c6b180c1ad5acc3cbfb9bb980a4a0de') in 0.046253 seconds
  Import took 0.058973 seconds .

========================================================================
Received Import Request.
  Time since last request: 0.018793 seconds.
  path: Assets/AssetsOur/FREE Food Pack/Prefabs/Avocado.prefab
  artifactKey: Guid(3245fc5926a7535429f2989cab01a844) Importer(815301076,1909f56bfc062723c751e8b465ee728b)
Start importing Assets/AssetsOur/FREE Food Pack/Prefabs/Avocado.prefab using Guid(3245fc5926a7535429f2989cab01a844) Importer(815301076,1909f56bfc062723c751e8b465ee728b)  -> (artifact id: '8c6b180c1ad5acc3cbfb9bb980a4a0de') in 0.027714 seconds
  Import took 0.037478 seconds .

========================================================================
Received Import Request.
  Time since last request: 0.597111 seconds.
  path: Assets/AssetsOur/FREE Food Pack/Prefabs/Banana.prefab
  artifactKey: Guid(0550765fb22bb954ea0412b7153ff417) Importer(815301076,1909f56bfc062723c751e8b465ee728b)
Start importing Assets/AssetsOur/FREE Food Pack/Prefabs/Banana.prefab using Guid(0550765fb22bb954ea0412b7153ff417) Importer(815301076,1909f56bfc062723c751e8b465ee728b)  -> (artifact id: 'ae1c96c59beff5f72c1b3c2e0b180bd3') in 0.030405 seconds
  Import took 0.048871 seconds .

========================================================================
Received Import Request.
  Time since last request: 0.037372 seconds.
  path: Assets/AssetsOur/FREE Food Pack/Prefabs/Banana.prefab
  artifactKey: Guid(0550765fb22bb954ea0412b7153ff417) Importer(815301076,1909f56bfc062723c751e8b465ee728b)
Start importing Assets/AssetsOur/FREE Food Pack/Prefabs/Banana.prefab using Guid(0550765fb22bb954ea0412b7153ff417) Importer(815301076,1909f56bfc062723c751e8b465ee728b)  -> (artifact id: 'ae1c96c59beff5f72c1b3c2e0b180bd3') in 0.035700 seconds
  Import took 0.044354 seconds .

========================================================================
Received Import Request.
  Time since last request: 0.402162 seconds.
  path: Assets/AssetsOur/FREE Food Pack/Prefabs/Bread.prefab
  artifactKey: Guid(07c1ce2b91eb18f4c83d7d36268a0341) Importer(815301076,1909f56bfc062723c751e8b465ee728b)
Start importing Assets/AssetsOur/FREE Food Pack/Prefabs/Bread.prefab using Guid(07c1ce2b91eb18f4c83d7d36268a0341) Importer(815301076,1909f56bfc062723c751e8b465ee728b)  -> (artifact id: '5bad996dbd48500511de6b8a0e8dc5a6') in 0.034798 seconds
  Import took 0.057284 seconds .

========================================================================
Received Import Request.
  Time since last request: 0.029609 seconds.
  path: Assets/AssetsOur/FREE Food Pack/Prefabs/Bread.prefab
  artifactKey: Guid(07c1ce2b91eb18f4c83d7d36268a0341) Importer(815301076,1909f56bfc062723c751e8b465ee728b)
Start importing Assets/AssetsOur/FREE Food Pack/Prefabs/Bread.prefab using Guid(07c1ce2b91eb18f4c83d7d36268a0341) Importer(815301076,1909f56bfc062723c751e8b465ee728b)  -> (artifact id: '5bad996dbd48500511de6b8a0e8dc5a6') in 0.031486 seconds
  Import took 0.040762 seconds .

========================================================================
Received Import Request.
  Time since last request: 0.434016 seconds.
  path: Assets/AssetsOur/FREE Food Pack/Prefabs/Burger.prefab
  artifactKey: Guid(8155176e03f33f44884efb0dd767197c) Importer(815301076,1909f56bfc062723c751e8b465ee728b)
Start importing Assets/AssetsOur/FREE Food Pack/Prefabs/Burger.prefab using Guid(8155176e03f33f44884efb0dd767197c) Importer(815301076,1909f56bfc062723c751e8b465ee728b)  -> (artifact id: '8e35a9bf92fafc468ac5d3cbc0d93688') in 0.029846 seconds
  Import took 0.039887 seconds .

========================================================================
Received Import Request.
  Time since last request: 2.098551 seconds.
  path: Assets/AssetsOur/FREE Food Pack/Prefabs/burger_uncooked.fbx
  artifactKey: Guid(832512bb939d29449a6c469bc8c1a6b4) Importer(815301076,1909f56bfc062723c751e8b465ee728b)
Start importing Assets/AssetsOur/FREE Food Pack/Prefabs/burger_uncooked.fbx using Guid(832512bb939d29449a6c469bc8c1a6b4) Importer(815301076,1909f56bfc062723c751e8b465ee728b)  -> (artifact id: '6939edeffbe7c538ed94d83a7111fa52') in 0.116427 seconds
  Import took 0.132853 seconds .

========================================================================
Received Import Request.
  Time since last request: 0.833010 seconds.
  path: Assets/AssetsOur/FREE Food Pack/Prefabs/Cheese_01.prefab
  artifactKey: Guid(8d8015ded5f690247a600cc376e7b0e8) Importer(815301076,1909f56bfc062723c751e8b465ee728b)
Start importing Assets/AssetsOur/FREE Food Pack/Prefabs/Cheese_01.prefab using Guid(8d8015ded5f690247a600cc376e7b0e8) Importer(815301076,1909f56bfc062723c751e8b465ee728b)  -> (artifact id: 'f244e306fe21bc31ce803ac0834c5457') in 0.021803 seconds
  Import took 0.043051 seconds .

========================================================================
Received Import Request.
  Time since last request: 0.677021 seconds.
  path: Assets/AssetsOur/FREE Food Pack/Prefabs/Cheese_02.prefab
  artifactKey: Guid(b7d70d80ddd390f41a1bdde5957f74f0) Importer(815301076,1909f56bfc062723c751e8b465ee728b)
Start importing Assets/AssetsOur/FREE Food Pack/Prefabs/Cheese_02.prefab using Guid(b7d70d80ddd390f41a1bdde5957f74f0) Importer(815301076,1909f56bfc062723c751e8b465ee728b)  -> (artifact id: 'b066e22f67cb09d6ab5913f565e96559') in 0.023710 seconds
  Import took 0.037116 seconds .

========================================================================
Received Import Request.
  Time since last request: 1.134021 seconds.
  path: Assets/AssetsOur/FREE Food Pack/Prefabs/Chicken.prefab
  artifactKey: Guid(6e2574af69e1ddd4497a11adb45777a1) Importer(815301076,1909f56bfc062723c751e8b465ee728b)
Start importing Assets/AssetsOur/FREE Food Pack/Prefabs/Chicken.prefab using Guid(6e2574af69e1ddd4497a11adb45777a1) Importer(815301076,1909f56bfc062723c751e8b465ee728b)  -> (artifact id: '59366ef8e56ee748347a8c7035f22ba0') in 0.029375 seconds
  Import took 0.039737 seconds .

========================================================================
Received Import Request.
  Time since last request: 0.715546 seconds.
  path: Assets/AssetsOur/FREE Food Pack/Prefabs/Chili.prefab
  artifactKey: Guid(a2a488e7caca6bd4280bf13b8e973858) Importer(815301076,1909f56bfc062723c751e8b465ee728b)
Start importing Assets/AssetsOur/FREE Food Pack/Prefabs/Chili.prefab using Guid(a2a488e7caca6bd4280bf13b8e973858) Importer(815301076,1909f56bfc062723c751e8b465ee728b)  -> (artifact id: '5c7de50a370a13dd2751bc9f3dd666f7') in 0.029954 seconds
  Import took 0.042260 seconds .

========================================================================
Received Import Request.
  Time since last request: 1.893148 seconds.
  path: Assets/AssetsOur/FREE Food Pack/Prefabs/Chips.prefab
  artifactKey: Guid(d86ca81cf8e2b784c8d58502235ee8b3) Importer(815301076,1909f56bfc062723c751e8b465ee728b)
Start importing Assets/AssetsOur/FREE Food Pack/Prefabs/Chips.prefab using Guid(d86ca81cf8e2b784c8d58502235ee8b3) Importer(815301076,1909f56bfc062723c751e8b465ee728b)  -> (artifact id: '8acf96ced6206f300b7561feb7e5a2ed') in 0.029116 seconds
  Import took 0.042993 seconds .

========================================================================
Received Import Request.
  Time since last request: 24.037437 seconds.
  path: Assets/AssetsOur/FREE Food Pack/Prefabs/Chips_Bag.prefab
  artifactKey: Guid(91e1f9e8a986ed344be385215d3145b3) Importer(815301076,1909f56bfc062723c751e8b465ee728b)
Start importing Assets/AssetsOur/FREE Food Pack/Prefabs/Chips_Bag.prefab using Guid(91e1f9e8a986ed344be385215d3145b3) Importer(815301076,1909f56bfc062723c751e8b465ee728b)  -> (artifact id: 'bf6ece958bbfdc3a97c1e8209d840f47') in 0.029355 seconds
  Import took 0.039835 seconds .

========================================================================
Received Import Request.
  Time since last request: 0.517131 seconds.
  path: Assets/AssetsOur/FREE Food Pack/Prefabs/Coconut.prefab
  artifactKey: Guid(45c7dddf851acbb4e94a8fc0ead66eed) Importer(815301076,1909f56bfc062723c751e8b465ee728b)
Start importing Assets/AssetsOur/FREE Food Pack/Prefabs/Coconut.prefab using Guid(45c7dddf851acbb4e94a8fc0ead66eed) Importer(815301076,1909f56bfc062723c751e8b465ee728b)  -> (artifact id: 'cc8785b0753d57d703f18e9e16affbf8') in 0.026412 seconds
  Import took 0.037060 seconds .

========================================================================
Received Import Request.
  Time since last request: 0.496285 seconds.
  path: Assets/AssetsOur/FREE Food Pack/Prefabs/Croissant.prefab
  artifactKey: Guid(94d292219d961b445b269659a3994172) Importer(815301076,1909f56bfc062723c751e8b465ee728b)
Start importing Assets/AssetsOur/FREE Food Pack/Prefabs/Croissant.prefab using Guid(94d292219d961b445b269659a3994172) Importer(815301076,1909f56bfc062723c751e8b465ee728b)  -> (artifact id: 'cfbd8916aa50491159837053c6535a46') in 0.029481 seconds
  Import took 0.039576 seconds .

========================================================================
Received Import Request.
  Time since last request: 0.395155 seconds.
  path: Assets/AssetsOur/FREE Food Pack/Prefabs/Donut.prefab
  artifactKey: Guid(931dfc52fd271a846b05a6bf70694fca) Importer(815301076,1909f56bfc062723c751e8b465ee728b)
Start importing Assets/AssetsOur/FREE Food Pack/Prefabs/Donut.prefab using Guid(931dfc52fd271a846b05a6bf70694fca) Importer(815301076,1909f56bfc062723c751e8b465ee728b)  -> (artifact id: 'b9637311da9c167d3ce91359cbf414a8') in 0.027836 seconds
  Import took 0.041415 seconds .

========================================================================
Received Import Request.
  Time since last request: 0.028680 seconds.
  path: Assets/AssetsOur/FREE Food Pack/Prefabs/Donut.prefab
  artifactKey: Guid(931dfc52fd271a846b05a6bf70694fca) Importer(815301076,1909f56bfc062723c751e8b465ee728b)
Start importing Assets/AssetsOur/FREE Food Pack/Prefabs/Donut.prefab using Guid(931dfc52fd271a846b05a6bf70694fca) Importer(815301076,1909f56bfc062723c751e8b465ee728b)  -> (artifact id: 'b9637311da9c167d3ce91359cbf414a8') in 0.031378 seconds
  Import took 0.039612 seconds .

========================================================================
Received Import Request.
  Time since last request: 0.465543 seconds.
  path: Assets/AssetsOur/FREE Food Pack/Prefabs/Drink_01.prefab
  artifactKey: Guid(1ab6ed6db0b83984bb512a33711b213f) Importer(815301076,1909f56bfc062723c751e8b465ee728b)
Start importing Assets/AssetsOur/FREE Food Pack/Prefabs/Drink_01.prefab using Guid(1ab6ed6db0b83984bb512a33711b213f) Importer(815301076,1909f56bfc062723c751e8b465ee728b)  -> (artifact id: '45dfac00b507f4cce995d2d3524477f6') in 0.027890 seconds
  Import took 0.038071 seconds .

========================================================================
Received Import Request.
  Time since last request: 0.422041 seconds.
  path: Assets/AssetsOur/FREE Food Pack/Prefabs/Drink_02.prefab
  artifactKey: Guid(4f544c14cf326b843a5f07e7de41640e) Importer(815301076,1909f56bfc062723c751e8b465ee728b)
Start importing Assets/AssetsOur/FREE Food Pack/Prefabs/Drink_02.prefab using Guid(4f544c14cf326b843a5f07e7de41640e) Importer(815301076,1909f56bfc062723c751e8b465ee728b)  -> (artifact id: '9bac5652eba0e1d0b7429188e8c9287c') in 0.033860 seconds
  Import took 0.043533 seconds .

========================================================================
Received Import Request.
  Time since last request: 0.026489 seconds.
  path: Assets/AssetsOur/FREE Food Pack/Prefabs/Drink_02.prefab
  artifactKey: Guid(4f544c14cf326b843a5f07e7de41640e) Importer(815301076,1909f56bfc062723c751e8b465ee728b)
Start importing Assets/AssetsOur/FREE Food Pack/Prefabs/Drink_02.prefab using Guid(4f544c14cf326b843a5f07e7de41640e) Importer(815301076,1909f56bfc062723c751e8b465ee728b)  -> (artifact id: '9bac5652eba0e1d0b7429188e8c9287c') in 0.033047 seconds
  Import took 0.047189 seconds .

========================================================================
Received Import Request.
  Time since last request: 0.354535 seconds.
  path: Assets/AssetsOur/FREE Food Pack/Prefabs/Drink_03.prefab
  artifactKey: Guid(ff586fe8e17ca3a4d9669e3c824a0e29) Importer(815301076,1909f56bfc062723c751e8b465ee728b)
Start importing Assets/AssetsOur/FREE Food Pack/Prefabs/Drink_03.prefab using Guid(ff586fe8e17ca3a4d9669e3c824a0e29) Importer(815301076,1909f56bfc062723c751e8b465ee728b)  -> (artifact id: '410b22e49e5c3624d34607a599948c62') in 0.026913 seconds
  Import took 0.037189 seconds .

========================================================================
Received Import Request.
  Time since last request: 0.387790 seconds.
  path: Assets/AssetsOur/FREE Food Pack/Prefabs/Eclair_Chocolate.prefab
  artifactKey: Guid(c0c0fda6f19f74b48a689470425ef5a9) Importer(815301076,1909f56bfc062723c751e8b465ee728b)
Start importing Assets/AssetsOur/FREE Food Pack/Prefabs/Eclair_Chocolate.prefab using Guid(c0c0fda6f19f74b48a689470425ef5a9) Importer(815301076,1909f56bfc062723c751e8b465ee728b)  -> (artifact id: '653b79d4d8d8a9e32b76a811937b1301') in 0.037978 seconds
  Import took 0.047042 seconds .

========================================================================
Received Import Request.
  Time since last request: 0.026455 seconds.
  path: Assets/AssetsOur/FREE Food Pack/Prefabs/Eclair_Chocolate.prefab
  artifactKey: Guid(c0c0fda6f19f74b48a689470425ef5a9) Importer(815301076,1909f56bfc062723c751e8b465ee728b)
Start importing Assets/AssetsOur/FREE Food Pack/Prefabs/Eclair_Chocolate.prefab using Guid(c0c0fda6f19f74b48a689470425ef5a9) Importer(815301076,1909f56bfc062723c751e8b465ee728b)  -> (artifact id: '653b79d4d8d8a9e32b76a811937b1301') in 0.029183 seconds
  Import took 0.040845 seconds .

========================================================================
Received Import Request.
  Time since last request: 0.534058 seconds.
  path: Assets/AssetsOur/FREE Food Pack/Prefabs/Egg.prefab
  artifactKey: Guid(9425302b7c44a194bb8782c22588bfe2) Importer(815301076,1909f56bfc062723c751e8b465ee728b)
Start importing Assets/AssetsOur/FREE Food Pack/Prefabs/Egg.prefab using Guid(9425302b7c44a194bb8782c22588bfe2) Importer(815301076,1909f56bfc062723c751e8b465ee728b)  -> (artifact id: 'efeeb0eda9f5deb87b55ebb40063609d') in 0.029311 seconds
  Import took 0.044114 seconds .

========================================================================
Received Import Request.
  Time since last request: 0.574318 seconds.
  path: Assets/AssetsOur/FREE Food Pack/Prefabs/Fries.prefab
  artifactKey: Guid(9b21be590f33e0d4ba19fec73ce555da) Importer(815301076,1909f56bfc062723c751e8b465ee728b)
Start importing Assets/AssetsOur/FREE Food Pack/Prefabs/Fries.prefab using Guid(9b21be590f33e0d4ba19fec73ce555da) Importer(815301076,1909f56bfc062723c751e8b465ee728b)  -> (artifact id: 'f508bc65994a4c0aa9ff23a41adf714f') in 0.028162 seconds
  Import took 0.038986 seconds .

========================================================================
Received Import Request.
  Time since last request: 8.645752 seconds.
  path: Assets/AssetsOur/FREE Food Pack/Prefabs/Gyoza.prefab
  artifactKey: Guid(d42d1e0069f8f9d4f893cba184403ce4) Importer(815301076,1909f56bfc062723c751e8b465ee728b)
Start importing Assets/AssetsOur/FREE Food Pack/Prefabs/Gyoza.prefab using Guid(d42d1e0069f8f9d4f893cba184403ce4) Importer(815301076,1909f56bfc062723c751e8b465ee728b)  -> (artifact id: 'f901ab32663b6f5c88765a3241028dfe') in 0.031433 seconds
  Import took 0.045845 seconds .

========================================================================
Received Import Request.
  Time since last request: 0.529284 seconds.
  path: Assets/AssetsOur/FREE Food Pack/Prefabs/HotDog.prefab
  artifactKey: Guid(180079041c49091489282ea6ecb31fbe) Importer(815301076,1909f56bfc062723c751e8b465ee728b)
Start importing Assets/AssetsOur/FREE Food Pack/Prefabs/HotDog.prefab using Guid(180079041c49091489282ea6ecb31fbe) Importer(815301076,1909f56bfc062723c751e8b465ee728b)  -> (artifact id: '9eef53761184e301157602f7c65a55ff') in 0.028486 seconds
  Import took 0.044915 seconds .

========================================================================
Received Import Request.
  Time since last request: 0.045714 seconds.
  path: Assets/AssetsOur/FREE Food Pack/Prefabs/HotDog.prefab
  artifactKey: Guid(180079041c49091489282ea6ecb31fbe) Importer(815301076,1909f56bfc062723c751e8b465ee728b)
Start importing Assets/AssetsOur/FREE Food Pack/Prefabs/HotDog.prefab using Guid(180079041c49091489282ea6ecb31fbe) Importer(815301076,1909f56bfc062723c751e8b465ee728b)  -> (artifact id: '9eef53761184e301157602f7c65a55ff') in 0.029260 seconds
  Import took 0.039105 seconds .

========================================================================
Received Import Request.
  Time since last request: 0.367403 seconds.
  path: Assets/AssetsOur/FREE Food Pack/Prefabs/IceCream.prefab
  artifactKey: Guid(308c89097ca814e44b0ff03d3c0c633b) Importer(815301076,1909f56bfc062723c751e8b465ee728b)
Start importing Assets/AssetsOur/FREE Food Pack/Prefabs/IceCream.prefab using Guid(308c89097ca814e44b0ff03d3c0c633b) Importer(815301076,1909f56bfc062723c751e8b465ee728b)  -> (artifact id: '829e63cb86893f859ba54abc67f673ae') in 0.026879 seconds
  Import took 0.045714 seconds .

========================================================================
Received Import Request.
  Time since last request: 0.858967 seconds.
  path: Assets/AssetsOur/FREE Food Pack/Prefabs/IceCream_Cone.prefab
  artifactKey: Guid(87a32384fe2633648996ab825d5f4b5b) Importer(815301076,1909f56bfc062723c751e8b465ee728b)
Start importing Assets/AssetsOur/FREE Food Pack/Prefabs/IceCream_Cone.prefab using Guid(87a32384fe2633648996ab825d5f4b5b) Importer(815301076,1909f56bfc062723c751e8b465ee728b)  -> (artifact id: 'c6b9b8542b01f9c05cb9fe613925b568') in 0.029394 seconds
  Import took 0.037729 seconds .

========================================================================
Received Import Request.
  Time since last request: 0.600261 seconds.
  path: Assets/AssetsOur/FREE Food Pack/Prefabs/Maki.prefab
  artifactKey: Guid(bf960492e4c076c458d1ba649dc26577) Importer(815301076,1909f56bfc062723c751e8b465ee728b)
Start importing Assets/AssetsOur/FREE Food Pack/Prefabs/Maki.prefab using Guid(bf960492e4c076c458d1ba649dc26577) Importer(815301076,1909f56bfc062723c751e8b465ee728b)  -> (artifact id: 'effca3ac8ad170da60fd73e616e209e1') in 0.028053 seconds
  Import took 0.039352 seconds .

========================================================================
Received Import Request.
  Time since last request: 0.591875 seconds.
  path: Assets/AssetsOur/FREE Food Pack/Prefabs/MeatBall.prefab
  artifactKey: Guid(0ba895ba2fb0b824798ba01dd8206fe7) Importer(815301076,1909f56bfc062723c751e8b465ee728b)
Start importing Assets/AssetsOur/FREE Food Pack/Prefabs/MeatBall.prefab using Guid(0ba895ba2fb0b824798ba01dd8206fe7) Importer(815301076,1909f56bfc062723c751e8b465ee728b)  -> (artifact id: 'ac79bbb6ea9f8e9febe00635dc4fd10f') in 0.030144 seconds
  Import took 0.048758 seconds .

========================================================================
Received Import Request.
  Time since last request: 0.024372 seconds.
  path: Assets/AssetsOur/FREE Food Pack/Prefabs/MeatBall.prefab
  artifactKey: Guid(0ba895ba2fb0b824798ba01dd8206fe7) Importer(815301076,1909f56bfc062723c751e8b465ee728b)
Start importing Assets/AssetsOur/FREE Food Pack/Prefabs/MeatBall.prefab using Guid(0ba895ba2fb0b824798ba01dd8206fe7) Importer(815301076,1909f56bfc062723c751e8b465ee728b)  -> (artifact id: 'ac79bbb6ea9f8e9febe00635dc4fd10f') in 0.019421 seconds
  Import took 0.042931 seconds .

========================================================================
Received Import Request.
  Time since last request: 0.417602 seconds.
  path: Assets/AssetsOur/FREE Food Pack/Prefabs/Mochi.prefab
  artifactKey: Guid(cc3c5a058e6bb634781860012b9aa683) Importer(815301076,1909f56bfc062723c751e8b465ee728b)
Start importing Assets/AssetsOur/FREE Food Pack/Prefabs/Mochi.prefab using Guid(cc3c5a058e6bb634781860012b9aa683) Importer(815301076,1909f56bfc062723c751e8b465ee728b)  -> (artifact id: '01d83fcbb2512783a080476e4a96abc0') in 0.028340 seconds
  Import took 0.044769 seconds .

========================================================================
Received Import Request.
  Time since last request: 0.034912 seconds.
  path: Assets/AssetsOur/FREE Food Pack/Prefabs/Mochi.prefab
  artifactKey: Guid(cc3c5a058e6bb634781860012b9aa683) Importer(815301076,1909f56bfc062723c751e8b465ee728b)
Start importing Assets/AssetsOur/FREE Food Pack/Prefabs/Mochi.prefab using Guid(cc3c5a058e6bb634781860012b9aa683) Importer(815301076,1909f56bfc062723c751e8b465ee728b)  -> (artifact id: '01d83fcbb2512783a080476e4a96abc0') in 0.034225 seconds
  Import took 0.043457 seconds .

========================================================================
Received Import Request.
  Time since last request: 0.426910 seconds.
  path: Assets/AssetsOur/FREE Food Pack/Prefabs/Muffin.prefab
  artifactKey: Guid(78dec3a2e9e50fc46882f9cc3751f692) Importer(815301076,1909f56bfc062723c751e8b465ee728b)
Start importing Assets/AssetsOur/FREE Food Pack/Prefabs/Muffin.prefab using Guid(78dec3a2e9e50fc46882f9cc3751f692) Importer(815301076,1909f56bfc062723c751e8b465ee728b)  -> (artifact id: '5f1158572195600321d44af156dff79a') in 0.030225 seconds
  Import took 0.040236 seconds .

========================================================================
Received Import Request.
  Time since last request: 0.409884 seconds.
  path: Assets/AssetsOur/FREE Food Pack/Prefabs/Mushroom.prefab
  artifactKey: Guid(630adda25e718324a80512d3e4d69e13) Importer(815301076,1909f56bfc062723c751e8b465ee728b)
Start importing Assets/AssetsOur/FREE Food Pack/Prefabs/Mushroom.prefab using Guid(630adda25e718324a80512d3e4d69e13) Importer(815301076,1909f56bfc062723c751e8b465ee728b)  -> (artifact id: '23219984c9dfae49e2a67d8c6bbfbbcd') in 0.029546 seconds
  Import took 0.039024 seconds .

========================================================================
Received Import Request.
  Time since last request: 0.440744 seconds.
  path: Assets/AssetsOur/FREE Food Pack/Prefabs/Omelette.prefab
  artifactKey: Guid(9bd75eed56fa9054984b2ba5678076ea) Importer(815301076,1909f56bfc062723c751e8b465ee728b)
Start importing Assets/AssetsOur/FREE Food Pack/Prefabs/Omelette.prefab using Guid(9bd75eed56fa9054984b2ba5678076ea) Importer(815301076,1909f56bfc062723c751e8b465ee728b)  -> (artifact id: '46d7db73093acee818c0388594188160') in 0.031295 seconds
  Import took 0.045977 seconds .

========================================================================
Received Import Request.
  Time since last request: 0.035509 seconds.
  path: Assets/AssetsOur/FREE Food Pack/Prefabs/Omelette.prefab
  artifactKey: Guid(9bd75eed56fa9054984b2ba5678076ea) Importer(815301076,1909f56bfc062723c751e8b465ee728b)
Start importing Assets/AssetsOur/FREE Food Pack/Prefabs/Omelette.prefab using Guid(9bd75eed56fa9054984b2ba5678076ea) Importer(815301076,1909f56bfc062723c751e8b465ee728b)  -> (artifact id: '46d7db73093acee818c0388594188160') in 0.030207 seconds
  Import took 0.039370 seconds .

========================================================================
Received Import Request.
  Time since last request: 0.318468 seconds.
  path: Assets/AssetsOur/FREE Food Pack/Prefabs/Onigiri.prefab
  artifactKey: Guid(b93286b7dfa93834caec88d1044606c2) Importer(815301076,1909f56bfc062723c751e8b465ee728b)
Start importing Assets/AssetsOur/FREE Food Pack/Prefabs/Onigiri.prefab using Guid(b93286b7dfa93834caec88d1044606c2) Importer(815301076,1909f56bfc062723c751e8b465ee728b)  -> (artifact id: '04694e3b341acde5b94ce1a6b7821b23') in 0.027799 seconds
  Import took 0.044888 seconds .

========================================================================
Received Import Request.
  Time since last request: 0.454068 seconds.
  path: Assets/AssetsOur/FREE Food Pack/Prefabs/Onion.prefab
  artifactKey: Guid(097013ceeb8052648be3891c0984df9a) Importer(815301076,1909f56bfc062723c751e8b465ee728b)
Start importing Assets/AssetsOur/FREE Food Pack/Prefabs/Onion.prefab using Guid(097013ceeb8052648be3891c0984df9a) Importer(815301076,1909f56bfc062723c751e8b465ee728b)  -> (artifact id: 'd9179c4ddccc80cfae0050f63f25246f') in 0.025914 seconds
  Import took 0.045034 seconds .

========================================================================
Received Import Request.
  Time since last request: 0.036249 seconds.
  path: Assets/AssetsOur/FREE Food Pack/Prefabs/Onion.prefab
  artifactKey: Guid(097013ceeb8052648be3891c0984df9a) Importer(815301076,1909f56bfc062723c751e8b465ee728b)
Start importing Assets/AssetsOur/FREE Food Pack/Prefabs/Onion.prefab using Guid(097013ceeb8052648be3891c0984df9a) Importer(815301076,1909f56bfc062723c751e8b465ee728b)  -> (artifact id: 'd9179c4ddccc80cfae0050f63f25246f') in 0.021384 seconds
  Import took 0.042937 seconds .

========================================================================
Received Import Request.
  Time since last request: 0.453334 seconds.
  path: Assets/AssetsOur/FREE Food Pack/Prefabs/Pepper.prefab
  artifactKey: Guid(789e3e78d5881e844ba2a11afa41cbde) Importer(815301076,1909f56bfc062723c751e8b465ee728b)
Start importing Assets/AssetsOur/FREE Food Pack/Prefabs/Pepper.prefab using Guid(789e3e78d5881e844ba2a11afa41cbde) Importer(815301076,1909f56bfc062723c751e8b465ee728b)  -> (artifact id: '4c9ccdf8b700dfbb539636367f3c7871') in 0.029010 seconds
  Import took 0.039043 seconds .

========================================================================
Received Import Request.
  Time since last request: 6.791269 seconds.
  path: Assets/AssetsOur/FREE Food Pack/Prefabs/Pineapple.prefab
  artifactKey: Guid(80c29c7e0bd64654f8f59dda85e24897) Importer(815301076,1909f56bfc062723c751e8b465ee728b)
Start importing Assets/AssetsOur/FREE Food Pack/Prefabs/Pineapple.prefab using Guid(80c29c7e0bd64654f8f59dda85e24897) Importer(815301076,1909f56bfc062723c751e8b465ee728b)  -> (artifact id: '9b40fccf0362ff34fa76fb9938050627') in 0.047864 seconds
  Import took 0.067637 seconds .

========================================================================
Received Import Request.
  Time since last request: 0.014553 seconds.
  path: Assets/AssetsOur/FREE Food Pack/Prefabs/Pineapple.prefab
  artifactKey: Guid(80c29c7e0bd64654f8f59dda85e24897) Importer(815301076,1909f56bfc062723c751e8b465ee728b)
Start importing Assets/AssetsOur/FREE Food Pack/Prefabs/Pineapple.prefab using Guid(80c29c7e0bd64654f8f59dda85e24897) Importer(815301076,1909f56bfc062723c751e8b465ee728b)  -> (artifact id: '9b40fccf0362ff34fa76fb9938050627') in 0.029851 seconds
  Import took 0.048164 seconds .

========================================================================
Received Import Request.
  Time since last request: 0.456221 seconds.
  path: Assets/AssetsOur/FREE Food Pack/Prefabs/Pizza.prefab
  artifactKey: Guid(2a79153a0e896724caa73afa19f708c8) Importer(815301076,1909f56bfc062723c751e8b465ee728b)
Start importing Assets/AssetsOur/FREE Food Pack/Prefabs/Pizza.prefab using Guid(2a79153a0e896724caa73afa19f708c8) Importer(815301076,1909f56bfc062723c751e8b465ee728b)  -> (artifact id: 'cfc35614204ad097542ddb55898c96c4') in 0.026861 seconds
  Import took 0.036428 seconds .

========================================================================
Received Import Request.
  Time since last request: 0.500947 seconds.
  path: Assets/AssetsOur/FREE Food Pack/Prefabs/Rice_Bowl.prefab
  artifactKey: Guid(50147d929fb926b4eb555a4d0b89ab60) Importer(815301076,1909f56bfc062723c751e8b465ee728b)
Start importing Assets/AssetsOur/FREE Food Pack/Prefabs/Rice_Bowl.prefab using Guid(50147d929fb926b4eb555a4d0b89ab60) Importer(815301076,1909f56bfc062723c751e8b465ee728b)  -> (artifact id: '207dc4fde12bb07642dc5e25b1680664') in 0.027758 seconds
  Import took 0.038682 seconds .

========================================================================
Received Import Request.
  Time since last request: 2.127928 seconds.
  path: Assets/AssetsOur/FREE Food Pack/Prefabs/Salad.prefab
  artifactKey: Guid(196fe542ad163b149adf1ca04c19c753) Importer(815301076,1909f56bfc062723c751e8b465ee728b)
Start importing Assets/AssetsOur/FREE Food Pack/Prefabs/Salad.prefab using Guid(196fe542ad163b149adf1ca04c19c753) Importer(815301076,1909f56bfc062723c751e8b465ee728b)  -> (artifact id: '8ca3af8b42b52c86d3aec24c9e9751c1') in 0.030386 seconds
  Import took 0.040640 seconds .

========================================================================
Received Import Request.
  Time since last request: 0.585424 seconds.
  path: Assets/AssetsOur/FREE Food Pack/Prefabs/Saucisson.prefab
  artifactKey: Guid(a3de4bde509a12c4794522b17abcea44) Importer(815301076,1909f56bfc062723c751e8b465ee728b)
Start importing Assets/AssetsOur/FREE Food Pack/Prefabs/Saucisson.prefab using Guid(a3de4bde509a12c4794522b17abcea44) Importer(815301076,1909f56bfc062723c751e8b465ee728b)  -> (artifact id: '18b2d31790bc2e63e857c81a8aafa113') in 0.028036 seconds
  Import took 0.037994 seconds .

========================================================================
Received Import Request.
  Time since last request: 7.974957 seconds.
  path: Assets/AssetsOur/FREE Food Pack/Prefabs/Sausage.prefab
  artifactKey: Guid(43d9530894ffb9e468b06ef86dc4efa8) Importer(815301076,1909f56bfc062723c751e8b465ee728b)
Start importing Assets/AssetsOur/FREE Food Pack/Prefabs/Sausage.prefab using Guid(43d9530894ffb9e468b06ef86dc4efa8) Importer(815301076,1909f56bfc062723c751e8b465ee728b)  -> (artifact id: '24fa0fdb7a685530f9cbb6e4045ce5b8') in 0.028206 seconds
  Import took 0.039816 seconds .

========================================================================
Received Import Request.
  Time since last request: 2.155156 seconds.
  path: Assets/AssetsOur/FREE Food Pack/Prefabs/Shrimp.prefab
  artifactKey: Guid(819bc2dc8cc285d4db64ae40568e2150) Importer(815301076,1909f56bfc062723c751e8b465ee728b)
Start importing Assets/AssetsOur/FREE Food Pack/Prefabs/Shrimp.prefab using Guid(819bc2dc8cc285d4db64ae40568e2150) Importer(815301076,1909f56bfc062723c751e8b465ee728b)  -> (artifact id: '50c368f2a6a09dadb48d93142e9b8db5') in 0.025590 seconds
  Import took 0.040039 seconds .

========================================================================
Received Import Request.
  Time since last request: 0.606651 seconds.
  path: Assets/AssetsOur/FREE Food Pack/Prefabs/Steak_Cooked.prefab
  artifactKey: Guid(0b2c2c6617d3fb54ab69e7ff4da40867) Importer(815301076,1909f56bfc062723c751e8b465ee728b)
Start importing Assets/AssetsOur/FREE Food Pack/Prefabs/Steak_Cooked.prefab using Guid(0b2c2c6617d3fb54ab69e7ff4da40867) Importer(815301076,1909f56bfc062723c751e8b465ee728b)  -> (artifact id: 'db28e520b7d0e047fae79a6709ae75a1') in 0.020345 seconds
  Import took 0.043303 seconds .

========================================================================
Received Import Request.
  Time since last request: 0.468913 seconds.
  path: Assets/AssetsOur/FREE Food Pack/Prefabs/Steak_Uncooked.prefab
  artifactKey: Guid(c50664c203e2d3d4bbe40a0ffea7d149) Importer(815301076,1909f56bfc062723c751e8b465ee728b)
Start importing Assets/AssetsOur/FREE Food Pack/Prefabs/Steak_Uncooked.prefab using Guid(c50664c203e2d3d4bbe40a0ffea7d149) Importer(815301076,1909f56bfc062723c751e8b465ee728b)  -> (artifact id: 'b15cc854d7e8c5d931a9a79f3394e6ca') in 0.026531 seconds
  Import took 0.038446 seconds .

========================================================================
Received Import Request.
  Time since last request: 0.738071 seconds.
  path: Assets/AssetsOur/FREE Food Pack/Prefabs/Sushi.prefab
  artifactKey: Guid(44f60cf25f94eed4a98f3dcc6e5d04fc) Importer(815301076,1909f56bfc062723c751e8b465ee728b)
Start importing Assets/AssetsOur/FREE Food Pack/Prefabs/Sushi.prefab using Guid(44f60cf25f94eed4a98f3dcc6e5d04fc) Importer(815301076,1909f56bfc062723c751e8b465ee728b)  -> (artifact id: '9c5e4c890d4bd34442ed9a717b680343') in 0.026955 seconds
  Import took 0.037292 seconds .

========================================================================
Received Import Request.
  Time since last request: 0.469341 seconds.
  path: Assets/AssetsOur/FREE Food Pack/Prefabs/SweetPepper.prefab
  artifactKey: Guid(eae0d75f8edbe3349b65105f0c6b5665) Importer(815301076,1909f56bfc062723c751e8b465ee728b)
Start importing Assets/AssetsOur/FREE Food Pack/Prefabs/SweetPepper.prefab using Guid(eae0d75f8edbe3349b65105f0c6b5665) Importer(815301076,1909f56bfc062723c751e8b465ee728b)  -> (artifact id: '4791dbb1199fc08ecc4fbc24c5649469') in 0.029943 seconds
  Import took 0.050477 seconds .

========================================================================
Received Import Request.
  Time since last request: 0.043861 seconds.
  path: Assets/AssetsOur/FREE Food Pack/Prefabs/SweetPepper.prefab
  artifactKey: Guid(eae0d75f8edbe3349b65105f0c6b5665) Importer(815301076,1909f56bfc062723c751e8b465ee728b)
Start importing Assets/AssetsOur/FREE Food Pack/Prefabs/SweetPepper.prefab using Guid(eae0d75f8edbe3349b65105f0c6b5665) Importer(815301076,1909f56bfc062723c751e8b465ee728b)  -> (artifact id: '4791dbb1199fc08ecc4fbc24c5649469') in 0.029049 seconds
  Import took 0.037067 seconds .

========================================================================
Received Import Request.
  Time since last request: 1.213901 seconds.
  path: Assets/AssetsOur/FREE Food Pack/Prefabs/Tacos.prefab
  artifactKey: Guid(927b358a489fa874780f1278268d7bfb) Importer(815301076,1909f56bfc062723c751e8b465ee728b)
Start importing Assets/AssetsOur/FREE Food Pack/Prefabs/Tacos.prefab using Guid(927b358a489fa874780f1278268d7bfb) Importer(815301076,1909f56bfc062723c751e8b465ee728b)  -> (artifact id: '9896a9f9e091ae586834fe69d7d88113') in 0.030675 seconds
  Import took 0.043253 seconds .

========================================================================
Received Import Request.
  Time since last request: 0.027758 seconds.
  path: Assets/AssetsOur/FREE Food Pack/Prefabs/Tacos.prefab
  artifactKey: Guid(927b358a489fa874780f1278268d7bfb) Importer(815301076,1909f56bfc062723c751e8b465ee728b)
Start importing Assets/AssetsOur/FREE Food Pack/Prefabs/Tacos.prefab using Guid(927b358a489fa874780f1278268d7bfb) Importer(815301076,1909f56bfc062723c751e8b465ee728b)  -> (artifact id: '9896a9f9e091ae586834fe69d7d88113') in 0.026827 seconds
  Import took 0.039342 seconds .

========================================================================
Received Import Request.
  Time since last request: 0.786783 seconds.
  path: Assets/AssetsOur/FREE Food Pack/Prefabs/Tempura.prefab
  artifactKey: Guid(3c2e7dbde68087547ae2eeca74dffec4) Importer(815301076,1909f56bfc062723c751e8b465ee728b)
Start importing Assets/AssetsOur/FREE Food Pack/Prefabs/Tempura.prefab using Guid(3c2e7dbde68087547ae2eeca74dffec4) Importer(815301076,1909f56bfc062723c751e8b465ee728b)  -> (artifact id: 'ec569715d6907eb0a9b9a40c265e68c1') in 0.026868 seconds
  Import took 0.039849 seconds .

========================================================================
Received Import Request.
  Time since last request: 0.431410 seconds.
  path: Assets/AssetsOur/FREE Food Pack/Prefabs/Toast.prefab
  artifactKey: Guid(00a1a863a89404d46a228ffab189f332) Importer(815301076,1909f56bfc062723c751e8b465ee728b)
Start importing Assets/AssetsOur/FREE Food Pack/Prefabs/Toast.prefab using Guid(00a1a863a89404d46a228ffab189f332) Importer(815301076,1909f56bfc062723c751e8b465ee728b)  -> (artifact id: 'b5bd4efe2c90f1c40c4628835880797a') in 0.029134 seconds
  Import took 0.041719 seconds .

========================================================================
Received Import Request.
  Time since last request: 0.545761 seconds.
  path: Assets/AssetsOur/FREE Food Pack/Prefabs/Tomato.prefab
  artifactKey: Guid(b29c3addc4240254785fef8671d1291b) Importer(815301076,1909f56bfc062723c751e8b465ee728b)
Start importing Assets/AssetsOur/FREE Food Pack/Prefabs/Tomato.prefab using Guid(b29c3addc4240254785fef8671d1291b) Importer(815301076,1909f56bfc062723c751e8b465ee728b)  -> (artifact id: '3c64e502daf41eceb78ff8871d0017ba') in 0.033334 seconds
  Import took 0.052842 seconds .

========================================================================
Received Import Request.
  Time since last request: 0.021143 seconds.
  path: Assets/AssetsOur/FREE Food Pack/Prefabs/Tomato.prefab
  artifactKey: Guid(b29c3addc4240254785fef8671d1291b) Importer(815301076,1909f56bfc062723c751e8b465ee728b)
Start importing Assets/AssetsOur/FREE Food Pack/Prefabs/Tomato.prefab using Guid(b29c3addc4240254785fef8671d1291b) Importer(815301076,1909f56bfc062723c751e8b465ee728b)  -> (artifact id: '3c64e502daf41eceb78ff8871d0017ba') in 0.023357 seconds
  Import took 0.042982 seconds .

========================================================================
Received Import Request.
  Time since last request: 5.325883 seconds.
  path: Assets/AssetsOur/FREE Food Pack/Prefabs/Watermelon.prefab
  artifactKey: Guid(78a6a596f3cdc2641b44bb3d371c8db0) Importer(815301076,1909f56bfc062723c751e8b465ee728b)
Start importing Assets/AssetsOur/FREE Food Pack/Prefabs/Watermelon.prefab using Guid(78a6a596f3cdc2641b44bb3d371c8db0) Importer(815301076,1909f56bfc062723c751e8b465ee728b)  -> (artifact id: '77f2a78bc4508e8d6cdb3d50fc39808c') in 0.018985 seconds
  Import took 0.039148 seconds .

========================================================================
Received Import Request.
  Time since last request: 0.565628 seconds.
  path: Assets/AssetsOur/FREE Food Pack/Prefabs/Wine_Bottle.prefab
  artifactKey: Guid(c48a3ebf277ae9f46bc06489f5850636) Importer(815301076,1909f56bfc062723c751e8b465ee728b)
Start importing Assets/AssetsOur/FREE Food Pack/Prefabs/Wine_Bottle.prefab using Guid(c48a3ebf277ae9f46bc06489f5850636) Importer(815301076,1909f56bfc062723c751e8b465ee728b)  -> (artifact id: '0a7252dff7cb59366a73233960dad637') in 0.029511 seconds
  Import took 0.042064 seconds .

========================================================================
Received Import Request.
  Time since last request: 0.027404 seconds.
  path: Assets/AssetsOur/FREE Food Pack/Prefabs/Wine_Bottle.prefab
  artifactKey: Guid(c48a3ebf277ae9f46bc06489f5850636) Importer(815301076,1909f56bfc062723c751e8b465ee728b)
Start importing Assets/AssetsOur/FREE Food Pack/Prefabs/Wine_Bottle.prefab using Guid(c48a3ebf277ae9f46bc06489f5850636) Importer(815301076,1909f56bfc062723c751e8b465ee728b)  -> (artifact id: '0a7252dff7cb59366a73233960dad637') in 0.032473 seconds
  Import took 0.040020 seconds .

========================================================================
Received Import Request.
  Time since last request: 0.434403 seconds.
  path: Assets/AssetsOur/FREE Food Pack/Scenes
  artifactKey: Guid(3edbf5ffaaf409649ae011ecb905379e) Importer(815301076,1909f56bfc062723c751e8b465ee728b)
Start importing Assets/AssetsOur/FREE Food Pack/Scenes using Guid(3edbf5ffaaf409649ae011ecb905379e) Importer(815301076,1909f56bfc062723c751e8b465ee728b)  -> (artifact id: 'fd593bf24499be38ed67fc4624403fc0') in 0.015537 seconds
  Import took 0.027878 seconds .

========================================================================
Received Prepare
Shader 'Universal Render Pipeline/Particles/Lit': fallback shader 'Universal Render Pipeline/Particles/SimpleLit' not found
Refreshing native plugins compatible for Editor in 21.65 ms, found 0 plugins.
Preloading 0 native plugins for Editor in 0.00 ms.
Unloading 32 Unused Serialized files (Serialized files now loaded: 0)
System memory in use before: 69.2 MB.
System memory in use after: 69.4 MB.

Unloading 32 unused Assets to reduce memory usage. Loaded Objects now: 3441.
Total: 11.908800 ms (FindLiveObjects: 0.794200 ms CreateObjectMapping: 0.574900 ms MarkObjects: 10.489800 ms  DeleteObjects: 0.044900 ms)

AssetImportWorkerClient::OnTransportError - code=2 error=End of file
