Using pre-set license
Built from '2020.3/staging' branch; Version is '2020.3.6f1 (338bb68529b2) revision 3378102'; Using compiler version '192528614'; Build Type 'Release'
OS: 'Windows 10 Home; OS build 19042.928; Version 2009; 64bit' Language: 'es' Physical Memory: 6232 MB
BatchMode: 1, IsHumanControllingUs: 0, StartBugReporterOnCrash: 0, Is64bit: 1, IsPro: 0

 COMMAND LINE ARGUMENTS:
C:\Users\sofia\Documents\docs\SI\Unity\2020.3.6f1\Editor\Unity.exe
-adb2
-batchMode
-noUpm
-name
AssetImportWorker0
-projectPath
C:/Users/sofia/Documents/docs/SI/Unity/CookingBurger/Clean-lab-proyect-main
-logFile
Logs/AssetImportWorker0.log
-srvPort
53494
Successfully changed project path to: C:/Users/sofia/Documents/docs/SI/Unity/CookingBurger/Clean-lab-proyect-main
C:/Users/sofia/Documents/docs/SI/Unity/CookingBurger/Clean-lab-proyect-main
Using Asset Import Pipeline V2.
Refreshing native plugins compatible for Editor in 107.30 ms, found 0 plugins.
Preloading 0 native plugins for Editor in 0.00 ms.
Initialize engine version: 2020.3.6f1 (338bb68529b2)
[Subsystems] Discovering subsystems at path C:/Users/sofia/Documents/docs/SI/Unity/2020.3.6f1/Editor/Data/Resources/UnitySubsystems
[Subsystems] Discovering subsystems at path C:/Users/sofia/Documents/docs/SI/Unity/CookingBurger/Clean-lab-proyect-main/Assets
GfxDevice: creating device client; threaded=0
Direct3D:
    Version:  Direct3D 11.0 [level 11.1]
    Renderer: Intel(R) HD Graphics 520 (ID=0x1916)
    Vendor:   
    VRAM:     3116 MB
    Driver:   27.20.100.9466
Shader 'Universal Render Pipeline/Particles/Lit': fallback shader 'Universal Render Pipeline/Particles/SimpleLit' not found
Initialize mono
Mono path[0] = 'C:/Users/sofia/Documents/docs/SI/Unity/2020.3.6f1/Editor/Data/Managed'
Mono path[1] = 'C:/Users/sofia/Documents/docs/SI/Unity/2020.3.6f1/Editor/Data/MonoBleedingEdge/lib/mono/unityjit'
Mono config path = 'C:/Users/sofia/Documents/docs/SI/Unity/2020.3.6f1/Editor/Data/MonoBleedingEdge/etc'
Using monoOptions --debugger-agent=transport=dt_socket,embedding=1,server=y,suspend=n,address=127.0.0.1:56892
Begin MonoManager ReloadAssembly
Registering precompiled unity dll's ...
Register platform support module: C:/Users/sofia/Documents/docs/SI/Unity/2020.3.6f1/Editor/Data/PlaybackEngines/WindowsStandaloneSupport/UnityEditor.WindowsStandalone.Extensions.dll
Registered in 0.003878 seconds.
Native extension for WindowsStandalone target not found
Refreshing native plugins compatible for Editor in 96.70 ms, found 0 plugins.
Preloading 0 native plugins for Editor in 0.00 ms.
Mono: successfully reloaded assembly
- Completed reload, in  7.729 seconds
Platform modules already initialized, skipping
Registering precompiled user dll's ...
Registered in 0.004652 seconds.
Begin MonoManager ReloadAssembly
Native extension for WindowsStandalone target not found
Refreshing native plugins compatible for Editor in 101.47 ms, found 0 plugins.
Preloading 0 native plugins for Editor in 0.00 ms.
Mono: successfully reloaded assembly
- Completed reload, in  1.679 seconds
Platform modules already initialized, skipping
========================================================================
Worker process is ready to serve import requests
Shader 'Universal Render Pipeline/Particles/Lit': fallback shader 'Universal Render Pipeline/Particles/SimpleLit' not found
Launched and connected shader compiler UnityShaderCompiler.exe after 0.11 seconds
Refreshing native plugins compatible for Editor in 1.06 ms, found 0 plugins.
Preloading 0 native plugins for Editor in 0.00 ms.
Unloading 2967 Unused Serialized files (Serialized files now loaded: 0)
System memory in use before: 129.8 MB.
System memory in use after: 130.0 MB.

Unloading 43 unused Assets to reduce memory usage. Loaded Objects now: 3398.
Total: 8.266700 ms (FindLiveObjects: 0.394200 ms CreateObjectMapping: 0.252400 ms MarkObjects: 7.492500 ms  DeleteObjects: 0.125700 ms)

========================================================================
Received Import Request.
  path: Assets/scripts/Clock
  artifactKey: Guid(2e88671af35638d4aa02d3ac57ef8f74) Importer(815301076,1909f56bfc062723c751e8b465ee728b)
Start importing Assets/scripts/Clock using Guid(2e88671af35638d4aa02d3ac57ef8f74) Importer(815301076,1909f56bfc062723c751e8b465ee728b)  -> (artifact id: 'cfee141e2fc65a2ac1ee42542e474443') in 0.013324 seconds
  Import took 0.022849 seconds .

========================================================================
Received Import Request.
  Time since last request: 0.000644 seconds.
  path: Assets/AssetsOur/Clock_01_fbx/Clock 01.fbx
  artifactKey: Guid(b15cd25ef15afe74dbefa4e403dd3a04) Importer(815301076,1909f56bfc062723c751e8b465ee728b)
Start importing Assets/AssetsOur/Clock_01_fbx/Clock 01.fbx using Guid(b15cd25ef15afe74dbefa4e403dd3a04) Importer(815301076,1909f56bfc062723c751e8b465ee728b)  -> (artifact id: '8bce48e654921ace361e713c68a479b8') in 0.663215 seconds
  Import took 0.672677 seconds .

========================================================================
Received Import Request.
  Time since last request: 0.000374 seconds.
  path: Assets/AssetsOur/Clock_01_fbx
  artifactKey: Guid(b88800f89cda0e34cafc9c6c3c5d6f73) Importer(815301076,1909f56bfc062723c751e8b465ee728b)
Start importing Assets/AssetsOur/Clock_01_fbx using Guid(b88800f89cda0e34cafc9c6c3c5d6f73) Importer(815301076,1909f56bfc062723c751e8b465ee728b)  -> (artifact id: 'e989a92c2b2ec2bb1592ddce45848879') in 0.004715 seconds
  Import took 0.017329 seconds .

========================================================================
Received Import Request.
  Time since last request: 216.382118 seconds.
  path: Assets/scripts/Clock/ClockArrow.cs
  artifactKey: Guid(4d2af6cc94283424592dd6c196c1b0af) Importer(815301076,1909f56bfc062723c751e8b465ee728b)
Start importing Assets/scripts/Clock/ClockArrow.cs using Guid(4d2af6cc94283424592dd6c196c1b0af) Importer(815301076,1909f56bfc062723c751e8b465ee728b)  -> (artifact id: '5a3b8d9d76f9cf3b820452950484d021') in 0.038841 seconds
  Import took 0.055069 seconds .

========================================================================
Received Prepare
Registering precompiled user dll's ...
Registered in 0.004532 seconds.
Begin MonoManager ReloadAssembly
Native extension for WindowsStandalone target not found
Refreshing native plugins compatible for Editor in 0.90 ms, found 0 plugins.
Preloading 0 native plugins for Editor in 0.00 ms.
Mono: successfully reloaded assembly
- Completed reload, in  1.583 seconds
Platform modules already initialized, skipping
Shader 'Universal Render Pipeline/Particles/Lit': fallback shader 'Universal Render Pipeline/Particles/SimpleLit' not found
Refreshing native plugins compatible for Editor in 1.22 ms, found 0 plugins.
Preloading 0 native plugins for Editor in 0.00 ms.
Unloading 2892 Unused Serialized files (Serialized files now loaded: 0)
System memory in use before: 126.2 MB.
System memory in use after: 126.4 MB.

Unloading 34 unused Assets to reduce memory usage. Loaded Objects now: 3444.
Total: 8.560700 ms (FindLiveObjects: 0.343800 ms CreateObjectMapping: 0.189300 ms MarkObjects: 7.977900 ms  DeleteObjects: 0.048100 ms)

========================================================================
Received Import Request.
  Time since last request: 350.036856 seconds.
  path: Assets/Scenes
  artifactKey: Guid(509a1b279f18d0649ba039c3502b57c3) Importer(815301076,1909f56bfc062723c751e8b465ee728b)
Start importing Assets/Scenes using Guid(509a1b279f18d0649ba039c3502b57c3) Importer(815301076,1909f56bfc062723c751e8b465ee728b)  -> (artifact id: 'b66e1fce32ce6874ed1864318647d387') in 0.019573 seconds
  Import took 0.037616 seconds .

========================================================================
Received Import Request.
  Time since last request: 0.014334 seconds.
  path: Assets/Scenes
  artifactKey: Guid(509a1b279f18d0649ba039c3502b57c3) Importer(815301076,1909f56bfc062723c751e8b465ee728b)
Start importing Assets/Scenes using Guid(509a1b279f18d0649ba039c3502b57c3) Importer(815301076,1909f56bfc062723c751e8b465ee728b)  -> (artifact id: 'b66e1fce32ce6874ed1864318647d387') in 0.004768 seconds
  Import took 0.019162 seconds .

========================================================================
Received Import Request.
  Time since last request: 1.038551 seconds.
  path: Assets/Scenes/Sample Scene.unity
  artifactKey: Guid(5261bc85e83d8a143b7bd71f8490828d) Importer(815301076,1909f56bfc062723c751e8b465ee728b)
Start importing Assets/Scenes/Sample Scene.unity using Guid(5261bc85e83d8a143b7bd71f8490828d) Importer(815301076,1909f56bfc062723c751e8b465ee728b)  -> (artifact id: 'd6b316b7e8ac1b5623f7fd4108fc2e34') in 0.016336 seconds
  Import took 0.032841 seconds .

========================================================================
Received Prepare
Registering precompiled user dll's ...
Registered in 0.004439 seconds.
Begin MonoManager ReloadAssembly
Native extension for WindowsStandalone target not found
Refreshing native plugins compatible for Editor in 0.97 ms, found 0 plugins.
Preloading 0 native plugins for Editor in 0.00 ms.
Mono: successfully reloaded assembly
- Completed reload, in  1.822 seconds
Platform modules already initialized, skipping
Shader 'Universal Render Pipeline/Particles/Lit': fallback shader 'Universal Render Pipeline/Particles/SimpleLit' not found
Refreshing native plugins compatible for Editor in 0.91 ms, found 0 plugins.
Preloading 0 native plugins for Editor in 0.00 ms.
Unloading 2892 Unused Serialized files (Serialized files now loaded: 0)
System memory in use before: 126.3 MB.
System memory in use after: 126.5 MB.

Unloading 34 unused Assets to reduce memory usage. Loaded Objects now: 3447.
Total: 13.128900 ms (FindLiveObjects: 1.537500 ms CreateObjectMapping: 0.422300 ms MarkObjects: 11.108000 ms  DeleteObjects: 0.054600 ms)

========================================================================
Received Import Request.
  Time since last request: 6.025948 seconds.
  path: Assets/Scenes/Sample Scene.unity
  artifactKey: Guid(5261bc85e83d8a143b7bd71f8490828d) Importer(815301076,1909f56bfc062723c751e8b465ee728b)
Start importing Assets/Scenes/Sample Scene.unity using Guid(5261bc85e83d8a143b7bd71f8490828d) Importer(815301076,1909f56bfc062723c751e8b465ee728b)  -> (artifact id: '2539cd7461323a032b83d69d78b963e7') in 0.028613 seconds
  Import took 0.040070 seconds .

AssetImportWorkerClient::OnTransportError - code=2 error=End of file
