Using pre-set license
Built from '2020.3/staging' branch; Version is '2020.3.6f1 (338bb68529b2) revision 3378102'; Using compiler version '192528614'; Build Type 'Release'
OS: 'Windows 10 Home; OS build 19042.928; Version 2009; 64bit' Language: 'es' Physical Memory: 6232 MB
BatchMode: 1, IsHumanControllingUs: 0, StartBugReporterOnCrash: 0, Is64bit: 1, IsPro: 0

 COMMAND LINE ARGUMENTS:
C:\Users\sofia\Documents\docs\SI\Unity\2020.3.6f1\Editor\Unity.exe
-adb2
-batchMode
-noUpm
-name
AssetImportWorker1
-projectPath
C:/Users/sofia/Documents/docs/SI/Unity/CookingBurger/Clean-lab-proyect-main
-logFile
Logs/AssetImportWorker1.log
-srvPort
58254
Successfully changed project path to: C:/Users/sofia/Documents/docs/SI/Unity/CookingBurger/Clean-lab-proyect-main
C:/Users/sofia/Documents/docs/SI/Unity/CookingBurger/Clean-lab-proyect-main
Using Asset Import Pipeline V2.
Refreshing native plugins compatible for Editor in 304.04 ms, found 0 plugins.
Preloading 0 native plugins for Editor in 0.00 ms.
Initialize engine version: 2020.3.6f1 (338bb68529b2)
[Subsystems] Discovering subsystems at path C:/Users/sofia/Documents/docs/SI/Unity/2020.3.6f1/Editor/Data/Resources/UnitySubsystems
[Subsystems] Discovering subsystems at path C:/Users/sofia/Documents/docs/SI/Unity/CookingBurger/Clean-lab-proyect-main/Assets
GfxDevice: creating device client; threaded=0
Direct3D:
    Version:  Direct3D 11.0 [level 11.1]
    Renderer: Intel(R) HD Graphics 520 (ID=0x1916)
    Vendor:   
    VRAM:     3116 MB
    Driver:   27.20.100.9466
Shader 'Universal Render Pipeline/Particles/Lit': fallback shader 'Universal Render Pipeline/Particles/SimpleLit' not found
Initialize mono
Mono path[0] = 'C:/Users/sofia/Documents/docs/SI/Unity/2020.3.6f1/Editor/Data/Managed'
Mono path[1] = 'C:/Users/sofia/Documents/docs/SI/Unity/2020.3.6f1/Editor/Data/MonoBleedingEdge/lib/mono/unityjit'
Mono config path = 'C:/Users/sofia/Documents/docs/SI/Unity/2020.3.6f1/Editor/Data/MonoBleedingEdge/etc'
Using monoOptions --debugger-agent=transport=dt_socket,embedding=1,server=y,suspend=n,address=127.0.0.1:56052
Begin MonoManager ReloadAssembly
Registering precompiled unity dll's ...
Register platform support module: C:/Users/sofia/Documents/docs/SI/Unity/2020.3.6f1/Editor/Data/PlaybackEngines/WindowsStandaloneSupport/UnityEditor.WindowsStandalone.Extensions.dll
Registered in 0.011335 seconds.
Native extension for WindowsStandalone target not found
Refreshing native plugins compatible for Editor in 162.95 ms, found 0 plugins.
Preloading 0 native plugins for Editor in 0.00 ms.
Mono: successfully reloaded assembly
- Completed reload, in  8.596 seconds
Platform modules already initialized, skipping
Registering precompiled user dll's ...
Registered in 0.007437 seconds.
Begin MonoManager ReloadAssembly
Native extension for WindowsStandalone target not found
Refreshing native plugins compatible for Editor in 166.55 ms, found 0 plugins.
Preloading 0 native plugins for Editor in 0.00 ms.
Mono: successfully reloaded assembly
- Completed reload, in  2.912 seconds
Platform modules already initialized, skipping
========================================================================
Worker process is ready to serve import requests
Shader 'Universal Render Pipeline/Particles/Lit': fallback shader 'Universal Render Pipeline/Particles/SimpleLit' not found
Launched and connected shader compiler UnityShaderCompiler.exe after 0.41 seconds
Refreshing native plugins compatible for Editor in 0.87 ms, found 0 plugins.
Preloading 0 native plugins for Editor in 0.00 ms.
Unloading 2967 Unused Serialized files (Serialized files now loaded: 0)
System memory in use before: 129.9 MB.
System memory in use after: 130.1 MB.

Unloading 43 unused Assets to reduce memory usage. Loaded Objects now: 3398.
Total: 43.008600 ms (FindLiveObjects: 12.331600 ms CreateObjectMapping: 0.543000 ms MarkObjects: 29.290800 ms  DeleteObjects: 0.841000 ms)

========================================================================
Received Import Request.
  path: Assets/AssetsOur/French fries
  artifactKey: Guid(ef725723cf41a2540bd778b866ec3f3b) Importer(815301076,1909f56bfc062723c751e8b465ee728b)
Start importing Assets/AssetsOur/French fries using Guid(ef725723cf41a2540bd778b866ec3f3b) Importer(815301076,1909f56bfc062723c751e8b465ee728b)  -> (artifact id: 'f62ffe4042f0f417b36ba023d9e750cb') in 0.032975 seconds
  Import took 0.041841 seconds .

========================================================================
Received Import Request.
  Time since last request: 26.271232 seconds.
  path: Assets/AssetsOur/French fries/FrenchFries4.fbx
  artifactKey: Guid(1943062c3d8afbc4db24bbdf66a210ea) Importer(815301076,1909f56bfc062723c751e8b465ee728b)
Start importing Assets/AssetsOur/French fries/FrenchFries4.fbx using Guid(1943062c3d8afbc4db24bbdf66a210ea) Importer(815301076,1909f56bfc062723c751e8b465ee728b)  -> (artifact id: 'a63bb78b4216d12292e208a8e4043a18') in 1.714528 seconds
  Import took 1.748201 seconds .

========================================================================
Received Import Request.
  Time since last request: 0.150990 seconds.
  path: Assets/AssetsOur/French fries/FrenchFries4.fbx
  artifactKey: Guid(1943062c3d8afbc4db24bbdf66a210ea) Importer(815301076,1909f56bfc062723c751e8b465ee728b)
Start importing Assets/AssetsOur/French fries/FrenchFries4.fbx using Guid(1943062c3d8afbc4db24bbdf66a210ea) Importer(815301076,1909f56bfc062723c751e8b465ee728b)  -> (artifact id: 'a63bb78b4216d12292e208a8e4043a18') in 0.445903 seconds
  Import took 0.465251 seconds .

========================================================================
Received Import Request.
  Time since last request: 15.233473 seconds.
  path: Assets/AssetsOur/Ketchup
  artifactKey: Guid(f0dd236fb807b284e917f4711a40b63b) Importer(815301076,1909f56bfc062723c751e8b465ee728b)
Start importing Assets/AssetsOur/Ketchup using Guid(f0dd236fb807b284e917f4711a40b63b) Importer(815301076,1909f56bfc062723c751e8b465ee728b)  -> (artifact id: '843aee64041737228d28de9049e43d8c') in 0.017746 seconds
  Import took 0.030043 seconds .

========================================================================
Received Import Request.
  Time since last request: 112.440327 seconds.
  path: Assets/AssetsOur/French fries/FrenchFries4.fbx
  artifactKey: Guid(811cf2b8a70c6c74986f0486640bb361) Importer(815301076,1909f56bfc062723c751e8b465ee728b)
Start importing Assets/AssetsOur/French fries/FrenchFries4.fbx using Guid(811cf2b8a70c6c74986f0486640bb361) Importer(815301076,1909f56bfc062723c751e8b465ee728b)  -> (artifact id: 'eb1a42f688859330b2b98f19cf1ecf8e') in 0.541253 seconds
  Import took 0.575283 seconds .

========================================================================
Received Import Request.
  Time since last request: 0.000264 seconds.
  path: Assets/AssetsOur/FrenchFries4.fbx
  artifactKey: Guid(811cf2b8a70c6c74986f0486640bb361) Importer(815301076,1909f56bfc062723c751e8b465ee728b)
Start importing Assets/AssetsOur/FrenchFries4.fbx using Guid(811cf2b8a70c6c74986f0486640bb361) Importer(815301076,1909f56bfc062723c751e8b465ee728b)  -> (artifact id: 'eb1a42f688859330b2b98f19cf1ecf8e') in 0.342863 seconds
  Import took 0.355105 seconds .

========================================================================
Received Import Request.
  Time since last request: 174.784087 seconds.
  path: Assets/AssetsOur/FrenchFries4.fbx
  artifactKey: Guid(811cf2b8a70c6c74986f0486640bb361) Importer(815301076,1909f56bfc062723c751e8b465ee728b)
Start importing Assets/AssetsOur/FrenchFries4.fbx using Guid(811cf2b8a70c6c74986f0486640bb361) Importer(815301076,1909f56bfc062723c751e8b465ee728b)  -> (artifact id: 'c41830b92ac4e8b7962465d7718cbdb4') in 0.429113 seconds
  Import took 0.444874 seconds .

========================================================================
Received Import Request.
  Time since last request: 74.006328 seconds.
  path: Assets/AssetsOur/texturesFrenchFries/food_diorama_albedo.png
  artifactKey: Guid(69bec1e2f32aa1747af6342e6d6ae1ba) Importer(815301076,1909f56bfc062723c751e8b465ee728b)
Start importing Assets/AssetsOur/texturesFrenchFries/food_diorama_albedo.png using Guid(69bec1e2f32aa1747af6342e6d6ae1ba) Importer(815301076,1909f56bfc062723c751e8b465ee728b)  -> (artifact id: '54390aef890c845af7705318e0b79000') in 0.050741 seconds
  Import took 0.064709 seconds .

========================================================================
Received Import Request.
  Time since last request: 0.082155 seconds.
  path: Assets/AssetsOur/texturesFrenchFries/food_diorama_albedo.png
  artifactKey: Guid(69bec1e2f32aa1747af6342e6d6ae1ba) Importer(815301076,1909f56bfc062723c751e8b465ee728b)
Start importing Assets/AssetsOur/texturesFrenchFries/food_diorama_albedo.png using Guid(69bec1e2f32aa1747af6342e6d6ae1ba) Importer(815301076,1909f56bfc062723c751e8b465ee728b)  -> (artifact id: '54390aef890c845af7705318e0b79000') in 0.015154 seconds
  Import took 0.029447 seconds .

========================================================================
Received Prepare
Registering precompiled user dll's ...
Registered in 0.013272 seconds.
Begin MonoManager ReloadAssembly
Native extension for WindowsStandalone target not found
Refreshing native plugins compatible for Editor in 4.89 ms, found 0 plugins.
Preloading 0 native plugins for Editor in 0.00 ms.
Mono: successfully reloaded assembly
- Completed reload, in  2.656 seconds
Platform modules already initialized, skipping
Shader 'Universal Render Pipeline/Particles/Lit': fallback shader 'Universal Render Pipeline/Particles/SimpleLit' not found
Refreshing native plugins compatible for Editor in 1.01 ms, found 0 plugins.
Preloading 0 native plugins for Editor in 0.00 ms.
Unloading 2892 Unused Serialized files (Serialized files now loaded: 0)
System memory in use before: 127.0 MB.
System memory in use after: 127.3 MB.

Unloading 34 unused Assets to reduce memory usage. Loaded Objects now: 3445.
Total: 13.758500 ms (FindLiveObjects: 0.469600 ms CreateObjectMapping: 0.226600 ms MarkObjects: 13.026000 ms  DeleteObjects: 0.034100 ms)

========================================================================
Received Prepare
Registering precompiled user dll's ...
Registered in 0.004299 seconds.
Begin MonoManager ReloadAssembly
Native extension for WindowsStandalone target not found
Refreshing native plugins compatible for Editor in 0.91 ms, found 0 plugins.
Preloading 0 native plugins for Editor in 0.00 ms.
Mono: successfully reloaded assembly
- Completed reload, in  2.538 seconds
Platform modules already initialized, skipping
Shader 'Universal Render Pipeline/Particles/Lit': fallback shader 'Universal Render Pipeline/Particles/SimpleLit' not found
Refreshing native plugins compatible for Editor in 1.85 ms, found 0 plugins.
Preloading 0 native plugins for Editor in 0.00 ms.
Unloading 2892 Unused Serialized files (Serialized files now loaded: 0)
System memory in use before: 127.1 MB.
System memory in use after: 127.3 MB.

Unloading 34 unused Assets to reduce memory usage. Loaded Objects now: 3448.
Total: 23.717200 ms (FindLiveObjects: 0.807100 ms CreateObjectMapping: 0.424200 ms MarkObjects: 22.358700 ms  DeleteObjects: 0.122100 ms)

========================================================================
Received Prepare
Registering precompiled user dll's ...
Registered in 0.004957 seconds.
Begin MonoManager ReloadAssembly
Native extension for WindowsStandalone target not found
Refreshing native plugins compatible for Editor in 1.25 ms, found 0 plugins.
Preloading 0 native plugins for Editor in 0.00 ms.
Mono: successfully reloaded assembly
- Completed reload, in  2.159 seconds
Platform modules already initialized, skipping
Shader 'Universal Render Pipeline/Particles/Lit': fallback shader 'Universal Render Pipeline/Particles/SimpleLit' not found
Refreshing native plugins compatible for Editor in 1.09 ms, found 0 plugins.
Preloading 0 native plugins for Editor in 0.00 ms.
Unloading 2892 Unused Serialized files (Serialized files now loaded: 0)
System memory in use before: 127.1 MB.
System memory in use after: 127.4 MB.

Unloading 34 unused Assets to reduce memory usage. Loaded Objects now: 3451.
Total: 8.824500 ms (FindLiveObjects: 0.374600 ms CreateObjectMapping: 0.220300 ms MarkObjects: 8.182000 ms  DeleteObjects: 0.045400 ms)

========================================================================
Received Import Request.
  Time since last request: 2865.002608 seconds.
  path: Assets/Fire Tools/Material/MAT_fire_Alpha.mat
  artifactKey: Guid(d9bb685bf7c31664a86d5bd59c472005) Importer(815301076,1909f56bfc062723c751e8b465ee728b)
Start importing Assets/Fire Tools/Material/MAT_fire_Alpha.mat using Guid(d9bb685bf7c31664a86d5bd59c472005) Importer(815301076,1909f56bfc062723c751e8b465ee728b)  -> (artifact id: '9880fe2073bb1cc67b69af099392743b') in 0.308389 seconds
  Import took 0.318626 seconds .

========================================================================
Received Import Request.
  Time since last request: 23.329950 seconds.
  path: Assets/Bubbles/Mat/New Material.mat
  artifactKey: Guid(6195c7e12c291124187e18c8251b6a79) Importer(815301076,1909f56bfc062723c751e8b465ee728b)
Start importing Assets/Bubbles/Mat/New Material.mat using Guid(6195c7e12c291124187e18c8251b6a79) Importer(815301076,1909f56bfc062723c751e8b465ee728b)  -> (artifact id: '7233c460ed12ae3b33951905df413905') in 0.047781 seconds
  Import took 0.061719 seconds .

========================================================================
Received Import Request.
  Time since last request: 0.007188 seconds.
  path: Assets/Bubbles/Mat/New Material.mat
  artifactKey: Guid(6195c7e12c291124187e18c8251b6a79) Importer(815301076,1909f56bfc062723c751e8b465ee728b)
Start importing Assets/Bubbles/Mat/New Material.mat using Guid(6195c7e12c291124187e18c8251b6a79) Importer(815301076,1909f56bfc062723c751e8b465ee728b)  -> (artifact id: '7233c460ed12ae3b33951905df413905') in 0.019678 seconds
  Import took 0.036336 seconds .

========================================================================
Received Prepare
Registering precompiled user dll's ...
Registered in 0.006077 seconds.
Begin MonoManager ReloadAssembly
Native extension for WindowsStandalone target not found
Refreshing native plugins compatible for Editor in 0.87 ms, found 0 plugins.
Preloading 0 native plugins for Editor in 0.00 ms.
Mono: successfully reloaded assembly
- Completed reload, in  2.052 seconds
Platform modules already initialized, skipping
Shader 'Universal Render Pipeline/Particles/Lit': fallback shader 'Universal Render Pipeline/Particles/SimpleLit' not found
Refreshing native plugins compatible for Editor in 1.13 ms, found 0 plugins.
Preloading 0 native plugins for Editor in 0.00 ms.
Unloading 2892 Unused Serialized files (Serialized files now loaded: 0)
System memory in use before: 127.1 MB.
System memory in use after: 127.4 MB.

Unloading 34 unused Assets to reduce memory usage. Loaded Objects now: 3455.
Total: 9.755300 ms (FindLiveObjects: 1.410800 ms CreateObjectMapping: 0.769700 ms MarkObjects: 7.532800 ms  DeleteObjects: 0.034700 ms)

AssetImportWorkerClient::OnTransportError - code=2 error=End of file
